\BOOKMARK [1][-]{section.1}{Introduction}{}% 1
\BOOKMARK [1][-]{section.2}{General principles}{}% 2
\BOOKMARK [1][-]{section.3}{Layout}{}% 3
\BOOKMARK [1][-]{section.4}{Typography}{}% 4
\BOOKMARK [1][-]{section.5}{Detector and simulation}{}% 5
\BOOKMARK [1][-]{section.6}{Figures}{}% 6
\BOOKMARK [1][-]{section.7}{References}{}% 7
\BOOKMARK [1][-]{section.8}{Inclusion of supplementary material}{}% 8
\BOOKMARK [1][-]{section.9}{Acknowledgements paragraph}{}% 9
\BOOKMARK [1][-]{appendix.A}{Standard References}{}% 10
\BOOKMARK [1][-]{appendix.B}{Standard symbols}{}% 11
\BOOKMARK [1][-]{appendix.C}{List of all symbols}{}% 12
\BOOKMARK [2][-]{subsection.C.1}{Experiments}{appendix.C}% 13
\BOOKMARK [3][-]{subsubsection.C.1.1}{LHCb sub-detectors and sub-systems}{subsection.C.1}% 14
\BOOKMARK [2][-]{subsection.C.2}{Particles}{appendix.C}% 15
\BOOKMARK [3][-]{subsubsection.C.2.1}{Leptons}{subsection.C.2}% 16
\BOOKMARK [3][-]{subsubsection.C.2.2}{Gauge bosons and scalars}{subsection.C.2}% 17
\BOOKMARK [3][-]{subsubsection.C.2.3}{Quarks}{subsection.C.2}% 18
\BOOKMARK [3][-]{subsubsection.C.2.4}{Light mesons}{subsection.C.2}% 19
\BOOKMARK [3][-]{subsubsection.C.2.5}{Heavy mesons}{subsection.C.2}% 20
\BOOKMARK [3][-]{subsubsection.C.2.6}{Onia}{subsection.C.2}% 21
\BOOKMARK [3][-]{subsubsection.C.2.7}{Baryons}{subsection.C.2}% 22
\BOOKMARK [2][-]{subsection.C.3}{Physics symbols}{appendix.C}% 23
\BOOKMARK [3][-]{subsubsection.C.3.1}{Decays}{subsection.C.3}% 24
\BOOKMARK [3][-]{subsubsection.C.3.2}{Lifetimes}{subsection.C.3}% 25
\BOOKMARK [3][-]{subsubsection.C.3.3}{Masses}{subsection.C.3}% 26
\BOOKMARK [3][-]{subsubsection.C.3.4}{EW theory, groups}{subsection.C.3}% 27
\BOOKMARK [3][-]{subsubsection.C.3.5}{QCD parameters}{subsection.C.3}% 28
\BOOKMARK [3][-]{subsubsection.C.3.6}{CKM, CP violation}{subsection.C.3}% 29
\BOOKMARK [3][-]{subsubsection.C.3.7}{Oscillations}{subsection.C.3}% 30
\BOOKMARK [3][-]{subsubsection.C.3.8}{Tagging}{subsection.C.3}% 31
\BOOKMARK [3][-]{subsubsection.C.3.9}{Key decay channels}{subsection.C.3}% 32
\BOOKMARK [3][-]{subsubsection.C.3.10}{Rare decays}{subsection.C.3}% 33
\BOOKMARK [3][-]{subsubsection.C.3.11}{Wilson coefficients and operators}{subsection.C.3}% 34
\BOOKMARK [3][-]{subsubsection.C.3.12}{Charm}{subsection.C.3}% 35
\BOOKMARK [3][-]{subsubsection.C.3.13}{QM}{subsection.C.3}% 36
\BOOKMARK [2][-]{subsection.C.4}{Units}{appendix.C}% 37
\BOOKMARK [3][-]{subsubsection.C.4.1}{Energy and momentum}{subsection.C.4}% 38
\BOOKMARK [3][-]{subsubsection.C.4.2}{Distance and area}{subsection.C.4}% 39
\BOOKMARK [3][-]{subsubsection.C.4.3}{Time }{subsection.C.4}% 40
\BOOKMARK [3][-]{subsubsection.C.4.4}{Temperature}{subsection.C.4}% 41
\BOOKMARK [3][-]{subsubsection.C.4.5}{Material lengths, radiation}{subsection.C.4}% 42
\BOOKMARK [3][-]{subsubsection.C.4.6}{Uncertainties}{subsection.C.4}% 43
\BOOKMARK [3][-]{subsubsection.C.4.7}{Maths}{subsection.C.4}% 44
\BOOKMARK [2][-]{subsection.C.5}{Kinematics}{appendix.C}% 45
\BOOKMARK [3][-]{subsubsection.C.5.1}{Energy, Momenta}{subsection.C.5}% 46
\BOOKMARK [3][-]{subsubsection.C.5.2}{PID}{subsection.C.5}% 47
\BOOKMARK [3][-]{subsubsection.C.5.3}{Geometry}{subsection.C.5}% 48
\BOOKMARK [3][-]{subsubsection.C.5.4}{Accelerator}{subsection.C.5}% 49
\BOOKMARK [2][-]{subsection.C.6}{Software}{appendix.C}% 50
\BOOKMARK [3][-]{subsubsection.C.6.1}{Programs}{subsection.C.6}% 51
\BOOKMARK [3][-]{subsubsection.C.6.2}{Languages}{subsection.C.6}% 52
\BOOKMARK [3][-]{subsubsection.C.6.3}{Data processing}{subsection.C.6}% 53
\BOOKMARK [2][-]{subsection.C.7}{Detector related}{appendix.C}% 54
\BOOKMARK [3][-]{subsubsection.C.7.1}{Detector technologies}{subsection.C.7}% 55
\BOOKMARK [3][-]{subsubsection.C.7.2}{Detector components, electronics}{subsection.C.7}% 56
\BOOKMARK [3][-]{subsubsection.C.7.3}{Chemical symbols}{subsection.C.7}% 57
\BOOKMARK [2][-]{subsection.C.8}{Special Text }{appendix.C}% 58
\BOOKMARK [1][-]{appendix.D}{Supplementary material for LHCb-PAPER-20XX-YYY}{}% 59
\BOOKMARK [1][-]{figure.caption.4}{References}{}% 60
