This is pdfTeX, Version 3.14159265-2.6-1.40.18 (TeX Live 2017) (preloaded format=pdflatex 2018.4.3)  31 JUL 2018 00:18
entering extended mode
 restricted \write18 enabled.
 %&-line parsing enabled.
**F2.tex
(./F2.tex
LaTeX2e <2017-04-15>
Babel <3.10> and hyphenation patterns for 84 language(s) loaded.
(/usr/local/texlive/2017/texmf-dist/tex/generic/oberdiek/ifpdf.sty
Package: ifpdf 2017/03/15 v3.2 Provides the ifpdf switch
)
(/usr/local/texlive/2017/texmf-dist/tex/latex/base/article.cls
Document Class: article 2014/09/29 v1.4h Standard LaTeX document class
(/usr/local/texlive/2017/texmf-dist/tex/latex/base/size11.clo
File: size11.clo 2014/09/29 v1.4h Standard LaTeX file (size option)
)
\c@part=\count79
\c@section=\count80
\c@subsection=\count81
\c@subsubsection=\count82
\c@paragraph=\count83
\c@subparagraph=\count84
\c@figure=\count85
\c@table=\count86
\abovecaptionskip=\skip41
\belowcaptionskip=\skip42
\bibindent=\dimen102
) (./jheppub.sty
Package: jheppub 2013/03/21 r534

(/usr/local/texlive/2017/texmf-dist/tex/latex/amsmath/amsmath.sty
Package: amsmath 2016/11/05 v2.16a AMS math features
\@mathmargin=\skip43

For additional information on amsmath, use the `?' option.
(/usr/local/texlive/2017/texmf-dist/tex/latex/amsmath/amstext.sty
Package: amstext 2000/06/29 v2.01 AMS text

(/usr/local/texlive/2017/texmf-dist/tex/latex/amsmath/amsgen.sty
File: amsgen.sty 1999/11/30 v2.0 generic functions
\@emptytoks=\toks14
\ex@=\dimen103
))
(/usr/local/texlive/2017/texmf-dist/tex/latex/amsmath/amsbsy.sty
Package: amsbsy 1999/11/29 v1.2d Bold Symbols
\pmbraise@=\dimen104
)
(/usr/local/texlive/2017/texmf-dist/tex/latex/amsmath/amsopn.sty
Package: amsopn 2016/03/08 v2.02 operator names
)
\inf@bad=\count87
LaTeX Info: Redefining \frac on input line 213.
\uproot@=\count88
\leftroot@=\count89
LaTeX Info: Redefining \overline on input line 375.
\classnum@=\count90
\DOTSCASE@=\count91
LaTeX Info: Redefining \ldots on input line 472.
LaTeX Info: Redefining \dots on input line 475.
LaTeX Info: Redefining \cdots on input line 596.
\Mathstrutbox@=\box26
\strutbox@=\box27
\big@size=\dimen105
LaTeX Font Info:    Redeclaring font encoding OML on input line 712.
LaTeX Font Info:    Redeclaring font encoding OMS on input line 713.
\macc@depth=\count92
\c@MaxMatrixCols=\count93
\dotsspace@=\muskip10
\c@parentequation=\count94
\dspbrk@lvl=\count95
\tag@help=\toks15
\row@=\count96
\column@=\count97
\maxfields@=\count98
\andhelp@=\toks16
\eqnshift@=\dimen106
\alignsep@=\dimen107
\tagshift@=\dimen108
\tagwidth@=\dimen109
\totwidth@=\dimen110
\lineht@=\dimen111
\@envbody=\toks17
\multlinegap=\skip44
\multlinetaggap=\skip45
\mathdisplay@stack=\toks18
LaTeX Info: Redefining \[ on input line 2817.
LaTeX Info: Redefining \] on input line 2818.
)
(/usr/local/texlive/2017/texmf-dist/tex/latex/amsfonts/amssymb.sty
Package: amssymb 2013/01/14 v3.01 AMS font symbols

(/usr/local/texlive/2017/texmf-dist/tex/latex/amsfonts/amsfonts.sty
Package: amsfonts 2013/01/14 v3.01 Basic AMSFonts support
\symAMSa=\mathgroup4
\symAMSb=\mathgroup5
LaTeX Font Info:    Overwriting math alphabet `\mathfrak' in version `bold'
(Font)                  U/euf/m/n --> U/euf/b/n on input line 106.
))
(/usr/local/texlive/2017/texmf-dist/tex/latex/graphics/epsfig.sty
Package: epsfig 1999/02/16 v1.7a (e)psfig emulation (SPQR)

(/usr/local/texlive/2017/texmf-dist/tex/latex/graphics/graphicx.sty
Package: graphicx 2014/10/28 v1.0g Enhanced LaTeX Graphics (DPC,SPQR)

(/usr/local/texlive/2017/texmf-dist/tex/latex/graphics/keyval.sty
Package: keyval 2014/10/28 v1.15 key=value parser (DPC)
\KV@toks@=\toks19
)
(/usr/local/texlive/2017/texmf-dist/tex/latex/graphics/graphics.sty
Package: graphics 2017/04/14 v1.1b Standard LaTeX Graphics (DPC,SPQR)

(/usr/local/texlive/2017/texmf-dist/tex/latex/graphics/trig.sty
Package: trig 2016/01/03 v1.10 sin cos tan (DPC)
)
(/usr/local/texlive/2017/texmf-dist/tex/latex/graphics-cfg/graphics.cfg
File: graphics.cfg 2016/06/04 v1.11 sample graphics configuration
)
Package graphics Info: Driver file: pdftex.def on input line 99.

(/usr/local/texlive/2017/texmf-dist/tex/latex/graphics-def/pdftex.def
File: pdftex.def 2017/01/12 v0.06k Graphics/color for pdfTeX

(/usr/local/texlive/2017/texmf-dist/tex/generic/oberdiek/infwarerr.sty
Package: infwarerr 2016/05/16 v1.4 Providing info/warning/error messages (HO)
)
(/usr/local/texlive/2017/texmf-dist/tex/generic/oberdiek/ltxcmds.sty
Package: ltxcmds 2016/05/16 v1.23 LaTeX kernel commands for general use (HO)
)
\Gread@gobject=\count99
))
\Gin@req@height=\dimen112
\Gin@req@width=\dimen113
)
\epsfxsize=\dimen114
\epsfysize=\dimen115
)
(/usr/local/texlive/2017/texmf-dist/tex/latex/natbib/natbib.sty
Package: natbib 2010/09/13 8.31b (PWD, AO)
\bibhang=\skip46
\bibsep=\skip47
LaTeX Info: Redefining \cite on input line 694.
\c@NAT@ctr=\count100
)
(/usr/local/texlive/2017/texmf-dist/tex/latex/graphics/color.sty
Package: color 2016/07/10 v1.1e Standard LaTeX Color (DPC)

(/usr/local/texlive/2017/texmf-dist/tex/latex/graphics-cfg/color.cfg
File: color.cfg 2016/01/02 v1.6 sample color configuration
)
Package color Info: Driver file: pdftex.def on input line 147.
)
(/usr/local/texlive/2017/texmf-dist/tex/latex/hyperref/hyperref.sty
Package: hyperref 2017/03/14 v6.85a Hypertext links for LaTeX

(/usr/local/texlive/2017/texmf-dist/tex/generic/oberdiek/hobsub-hyperref.sty
Package: hobsub-hyperref 2016/05/16 v1.14 Bundle oberdiek, subset hyperref (HO)


(/usr/local/texlive/2017/texmf-dist/tex/generic/oberdiek/hobsub-generic.sty
Package: hobsub-generic 2016/05/16 v1.14 Bundle oberdiek, subset generic (HO)
Package: hobsub 2016/05/16 v1.14 Construct package bundles (HO)
Package hobsub Info: Skipping package `infwarerr' (already loaded).
Package hobsub Info: Skipping package `ltxcmds' (already loaded).
Package: ifluatex 2016/05/16 v1.4 Provides the ifluatex switch (HO)
Package ifluatex Info: LuaTeX not detected.
Package: ifvtex 2016/05/16 v1.6 Detect VTeX and its facilities (HO)
Package ifvtex Info: VTeX not detected.
Package: intcalc 2016/05/16 v1.2 Expandable calculations with integers (HO)
Package hobsub Info: Skipping package `ifpdf' (already loaded).
Package: etexcmds 2016/05/16 v1.6 Avoid name clashes with e-TeX commands (HO)
Package etexcmds Info: Could not find \expanded.
(etexcmds)             That can mean that you are not using pdfTeX 1.50 or
(etexcmds)             that some package has redefined \expanded.
(etexcmds)             In the latter case, load this package earlier.
Package: kvsetkeys 2016/05/16 v1.17 Key value parser (HO)
Package: kvdefinekeys 2016/05/16 v1.4 Define keys (HO)
Package: pdftexcmds 2017/03/19 v0.25 Utility functions of pdfTeX for LuaTeX (HO
)
Package pdftexcmds Info: LuaTeX not detected.
Package pdftexcmds Info: \pdf@primitive is available.
Package pdftexcmds Info: \pdf@ifprimitive is available.
Package pdftexcmds Info: \pdfdraftmode found.
Package: pdfescape 2016/05/16 v1.14 Implements pdfTeX's escape features (HO)
Package: bigintcalc 2016/05/16 v1.4 Expandable calculations on big integers (HO
)
Package: bitset 2016/05/16 v1.2 Handle bit-vector datatype (HO)
Package: uniquecounter 2016/05/16 v1.3 Provide unlimited unique counter (HO)
)
Package hobsub Info: Skipping package `hobsub' (already loaded).
Package: letltxmacro 2016/05/16 v1.5 Let assignment for LaTeX macros (HO)
Package: hopatch 2016/05/16 v1.3 Wrapper for package hooks (HO)
Package: xcolor-patch 2016/05/16 xcolor patch
Package: atveryend 2016/05/16 v1.9 Hooks at the very end of document (HO)
Package atveryend Info: \enddocument detected (standard20110627).
Package: atbegshi 2016/06/09 v1.18 At begin shipout hook (HO)
Package: refcount 2016/05/16 v3.5 Data extraction from label references (HO)
Package: hycolor 2016/05/16 v1.8 Color options for hyperref/bookmark (HO)
)
(/usr/local/texlive/2017/texmf-dist/tex/generic/ifxetex/ifxetex.sty
Package: ifxetex 2010/09/12 v0.6 Provides ifxetex conditional
)
(/usr/local/texlive/2017/texmf-dist/tex/latex/oberdiek/auxhook.sty
Package: auxhook 2016/05/16 v1.4 Hooks for auxiliary files (HO)
)
(/usr/local/texlive/2017/texmf-dist/tex/latex/oberdiek/kvoptions.sty
Package: kvoptions 2016/05/16 v3.12 Key value format for package options (HO)
)
\@linkdim=\dimen116
\Hy@linkcounter=\count101
\Hy@pagecounter=\count102

(/usr/local/texlive/2017/texmf-dist/tex/latex/hyperref/pd1enc.def
File: pd1enc.def 2017/03/14 v6.85a Hyperref: PDFDocEncoding definition (HO)
)
\Hy@SavedSpaceFactor=\count103

(/usr/local/texlive/2017/texmf-dist/tex/latex/latexconfig/hyperref.cfg
File: hyperref.cfg 2002/06/06 v1.2 hyperref configuration of TeXLive
)
Package hyperref Info: Option `colorlinks' set `true' on input line 4374.


Package hyperref Warning: Option `pagecolor' is not available anymore.

Package hyperref Info: Option `linktocpage' set `true' on input line 4374.
Package hyperref Info: Option `pdfa' set `true' on input line 4374.
Package hyperref Info: Hyper figures OFF on input line 4498.
Package hyperref Info: Link nesting OFF on input line 4503.
Package hyperref Info: Hyper index ON on input line 4506.
Package hyperref Info: Plain pages OFF on input line 4513.
Package hyperref Info: Backreferencing OFF on input line 4518.
Package hyperref Info: Implicit mode ON; LaTeX internals redefined.
Package hyperref Info: Bookmarks ON on input line 4751.
\c@Hy@tempcnt=\count104
(/usr/local/texlive/2017/texmf-dist/tex/latex/url/url.sty
\Urlmuskip=\muskip11
Package: url 2013/09/16  ver 3.4  Verb mode for urls, etc.
)
LaTeX Info: Redefining \url on input line 5104.
\XeTeXLinkMargin=\dimen117
\Fld@menulength=\count105
\Field@Width=\dimen118
\Fld@charsize=\dimen119
Package hyperref Info: Hyper figures OFF on input line 6358.
Package hyperref Info: Link nesting OFF on input line 6363.
Package hyperref Info: Hyper index ON on input line 6366.
Package hyperref Info: backreferencing OFF on input line 6373.
Package hyperref Info: Link coloring ON on input line 6376.
Package hyperref Info: Link coloring with OCG OFF on input line 6383.
Package hyperref Info: PDF/A mode ON on input line 6386.
LaTeX Info: Redefining \ref on input line 6428.
LaTeX Info: Redefining \pageref on input line 6432.
\Hy@abspage=\count106
\c@Item=\count107
\c@Hfootnote=\count108
)

Package hyperref Message: Driver (autodetected): hpdftex.

(/usr/local/texlive/2017/texmf-dist/tex/latex/hyperref/hpdftex.def
File: hpdftex.def 2017/03/14 v6.85a Hyperref driver for pdfTeX
Package hyperref Info: \pdfminorversion:=4 on input line 217.
\Fld@listcount=\count109
\c@bookmark@seq@number=\count110

(/usr/local/texlive/2017/texmf-dist/tex/latex/oberdiek/rerunfilecheck.sty
Package: rerunfilecheck 2016/05/16 v1.8 Rerun checks for auxiliary files (HO)
Package uniquecounter Info: New unique counter `rerunfilecheck' on input line 2
82.
)
\Hy@SectionHShift=\skip48
)
\auth@toks=\toks20
\affil@toks=\toks21
\email@toks=\toks22
\c@email@counter=\count111
\affiliationsSep=\skip49
LaTeX Font Info:    Try loading font information for OT1+phv on input line 162.


(/usr/local/texlive/2017/texmf-dist/tex/latex/psnfss/ot1phv.fd
File: ot1phv.fd 2001/06/04 scalable font definitions for OT1/phv.
))
(/usr/local/texlive/2017/texmf-dist/tex/latex/was/fixmath.sty
Package: fixmath 2000/04/11 v0.9 (WaS)
LaTeX Font Info:    Redeclaring math symbol \Gamma on input line 27.
LaTeX Font Info:    Redeclaring math symbol \Delta on input line 28.
LaTeX Font Info:    Redeclaring math symbol \Theta on input line 29.
LaTeX Font Info:    Redeclaring math symbol \Lambda on input line 30.
LaTeX Font Info:    Redeclaring math symbol \Xi on input line 31.
LaTeX Font Info:    Redeclaring math symbol \Pi on input line 32.
LaTeX Font Info:    Redeclaring math symbol \Sigma on input line 33.
LaTeX Font Info:    Redeclaring math symbol \Upsilon on input line 34.
LaTeX Font Info:    Redeclaring math symbol \Phi on input line 35.
LaTeX Font Info:    Redeclaring math symbol \Psi on input line 36.
LaTeX Font Info:    Redeclaring math symbol \Omega on input line 37.
LaTeX Font Info:    Redeclaring math symbol \alpha on input line 38.
LaTeX Font Info:    Redeclaring math symbol \beta on input line 39.
LaTeX Font Info:    Redeclaring math symbol \gamma on input line 40.
LaTeX Font Info:    Redeclaring math symbol \delta on input line 41.
LaTeX Font Info:    Redeclaring math symbol \epsilon on input line 42.
LaTeX Font Info:    Redeclaring math symbol \zeta on input line 43.
LaTeX Font Info:    Redeclaring math symbol \eta on input line 44.
LaTeX Font Info:    Redeclaring math symbol \theta on input line 45.
LaTeX Font Info:    Redeclaring math symbol \iota on input line 46.
LaTeX Font Info:    Redeclaring math symbol \kappa on input line 47.
LaTeX Font Info:    Redeclaring math symbol \lambda on input line 48.
LaTeX Font Info:    Redeclaring math symbol \mu on input line 49.
LaTeX Font Info:    Redeclaring math symbol \nu on input line 50.
LaTeX Font Info:    Redeclaring math symbol \xi on input line 51.
LaTeX Font Info:    Redeclaring math symbol \pi on input line 52.
LaTeX Font Info:    Redeclaring math symbol \rho on input line 53.
LaTeX Font Info:    Redeclaring math symbol \sigma on input line 54.
LaTeX Font Info:    Redeclaring math symbol \tau on input line 55.
LaTeX Font Info:    Redeclaring math symbol \upsilon on input line 56.
LaTeX Font Info:    Redeclaring math symbol \phi on input line 57.
LaTeX Font Info:    Redeclaring math symbol \chi on input line 58.
LaTeX Font Info:    Redeclaring math symbol \psi on input line 59.
LaTeX Font Info:    Redeclaring math symbol \omega on input line 60.
LaTeX Font Info:    Redeclaring math symbol \varepsilon on input line 61.
LaTeX Font Info:    Redeclaring math symbol \vartheta on input line 62.
LaTeX Font Info:    Redeclaring math symbol \varpi on input line 63.
LaTeX Font Info:    Redeclaring math symbol \varphi on input line 64.
LaTeX Font Info:    Redeclaring math symbol \varrho on input line 65.
LaTeX Font Info:    Redeclaring math symbol \varsigma on input line 66.
)
(/usr/local/texlive/2017/texmf-dist/tex/latex/caption/caption.sty
Package: caption 2016/02/21 v3.3-144 Customizing captions (AR)

(/usr/local/texlive/2017/texmf-dist/tex/latex/caption/caption3.sty
Package: caption3 2016/05/22 v1.7-166 caption3 kernel (AR)
Package caption3 Info: TeX engine: e-TeX on input line 67.
\captionmargin=\dimen120
\captionmargin@=\dimen121
\captionwidth=\dimen122
\caption@tempdima=\dimen123
\caption@indent=\dimen124
\caption@parindent=\dimen125
\caption@hangindent=\dimen126
Package caption Info: Unknown document class (or package),
(caption)             standard defaults will be used.
)

Package caption Warning: Unsupported document class (or package) detected,
(caption)                usage of the caption package is not recommended.
See the caption package documentation for explanation.

Package caption Info: \@makecaption = \long macro:#1#2->\vskip \abovecaptionski
p \sbox \@tempboxa {\small #1. #2}\ifdim \wd \@tempboxa >\hsize \small #1. #2\p
ar \else \global \@minipagefalse \hb@xt@ \hsize {\hfil \box \@tempboxa \hfil }\
fi \vskip \belowcaptionskip .
\c@ContinuedFloat=\count112
Package caption Info: hyperref package is loaded.
) (/usr/local/texlive/2017/texmf-dist/tex/latex/caption/subcaption.sty
Package: subcaption 2016/05/22 v1.1-161 Sub-captions (AR)
\c@subfigure=\count113
\c@subtable=\count114
)
(/usr/local/texlive/2017/texmf-dist/tex/latex/carlisle/slashed.sty
Package: slashed 1997/01/16 v0.01 Feynman Slashed Character Notation (DPC)
)
(/usr/local/texlive/2017/texmf-dist/tex/latex/lineno/lineno.sty
Package: lineno 2005/11/02 line numbers on paragraphs v4.41
\linenopenalty=\count115
\output=\toks23
\linenoprevgraf=\count116
\linenumbersep=\dimen127
\linenumberwidth=\dimen128
\c@linenumber=\count117
\c@pagewiselinenumber=\count118
\c@LN@truepage=\count119
\c@internallinenumber=\count120
\c@internallinenumbers=\count121
\quotelinenumbersep=\dimen129
\bframerule=\dimen130
\bframesep=\dimen131
\bframebox=\box28
LaTeX Info: Redefining \\ on input line 3056.
)
(/usr/local/texlive/2017/texmf-dist/tex/latex/tools/afterpage.sty
Package: afterpage 2014/10/28 v1.08 After-Page Package (DPC)
\AP@output=\toks24
\AP@partial=\box29
\AP@footins=\box30
)
(/usr/local/texlive/2017/texmf-dist/tex/latex/xcolor/xcolor.sty
Package: xcolor 2016/05/11 v2.12 LaTeX color extensions (UK)

(/usr/local/texlive/2017/texmf-dist/tex/latex/graphics-cfg/color.cfg
File: color.cfg 2016/01/02 v1.6 sample color configuration
)
Package xcolor Info: Driver file: pdftex.def on input line 225.

(/usr/local/texlive/2017/texmf-dist/tex/latex/colortbl/colortbl.sty
Package: colortbl 2012/02/13 v1.0a Color table columns (DPC)

(/usr/local/texlive/2017/texmf-dist/tex/latex/tools/array.sty
Package: array 2016/10/06 v2.4d Tabular extension package (FMi)
\col@sep=\dimen132
\extrarowheight=\dimen133
\NC@list=\toks25
\extratabsurround=\skip50
\backup@length=\skip51
)
\everycr=\toks26
\minrowclearance=\skip52
)
LaTeX Info: Redefining \color on input line 709.
\rownum=\count122
Package xcolor Info: Model `cmy' substituted by `cmy0' on input line 1348.
Package xcolor Info: Model `hsb' substituted by `rgb' on input line 1352.
Package xcolor Info: Model `RGB' extended on input line 1364.
Package xcolor Info: Model `HTML' substituted by `rgb' on input line 1366.
Package xcolor Info: Model `Hsb' substituted by `hsb' on input line 1367.
Package xcolor Info: Model `tHsb' substituted by `hsb' on input line 1368.
Package xcolor Info: Model `HSB' substituted by `hsb' on input line 1369.
Package xcolor Info: Model `Gray' substituted by `gray' on input line 1370.
Package xcolor Info: Model `wave' substituted by `hsb' on input line 1371.
)
(/usr/local/texlive/2017/texmf-dist/tex/latex/booktabs/booktabs.sty
Package: booktabs 2016/04/27 v1.618033 publication quality tables
\heavyrulewidth=\dimen134
\lightrulewidth=\dimen135
\cmidrulewidth=\dimen136
\belowrulesep=\dimen137
\belowbottomsep=\dimen138
\aboverulesep=\dimen139
\abovetopsep=\dimen140
\cmidrulesep=\dimen141
\cmidrulekern=\dimen142
\defaultaddspace=\dimen143
\@cmidla=\count123
\@cmidlb=\count124
\@aboverulesep=\dimen144
\@belowrulesep=\dimen145
\@thisruleclass=\count125
\@lastruleclass=\count126
\@thisrulewidth=\dimen146
)
(/usr/local/texlive/2017/texmf-dist/tex/latex/graphics/lscape.sty
Package: lscape 2000/10/22 v3.01 Landscape Pages (DPC)
)
(/usr/local/texlive/2017/texmf-dist/tex/latex/tools/xspace.sty
Package: xspace 2014/10/28 v1.13 Space after command names (DPC,MH)
)

! LaTeX Error: Command \as already defined.
               Or name \end... illegal, see p.192 of the manual.

See the LaTeX manual or LaTeX Companion for explanation.
Type  H <return>  for immediate help.
 ...                                              
                                                  
l.117 \newcommand{\as}{$\alpha_s$}
                                  
Your command was ignored.
Type  I <command> <return>  to replace it with another command,
or  <return>  to continue without it.

! Too many }'s.
l.133 ..., CERN, CH-1211 Geneva 23, Switzerland} }
                                                  
You've closed more groups than you opened.
Such booboos are generally harmless, so keep going.


LaTeX Warning: Unused global option(s):
    [notoc].

(./F2.aux)
\openout1 = `F2.aux'.

LaTeX Font Info:    Checking defaults for OML/cmm/m/it on input line 148.
LaTeX Font Info:    ... okay on input line 148.
LaTeX Font Info:    Checking defaults for T1/cmr/m/n on input line 148.
LaTeX Font Info:    ... okay on input line 148.
LaTeX Font Info:    Checking defaults for OT1/cmr/m/n on input line 148.
LaTeX Font Info:    ... okay on input line 148.
LaTeX Font Info:    Checking defaults for OMS/cmsy/m/n on input line 148.
LaTeX Font Info:    ... okay on input line 148.
LaTeX Font Info:    Checking defaults for OMX/cmex/m/n on input line 148.
LaTeX Font Info:    ... okay on input line 148.
LaTeX Font Info:    Checking defaults for U/cmr/m/n on input line 148.
LaTeX Font Info:    ... okay on input line 148.
LaTeX Font Info:    Checking defaults for PD1/pdf/m/n on input line 148.
LaTeX Font Info:    ... okay on input line 148.

(/usr/local/texlive/2017/texmf-dist/tex/context/base/mkii/supp-pdf.mkii
[Loading MPS to PDF converter (version 2006.09.02).]
\scratchcounter=\count127
\scratchdimen=\dimen147
\scratchbox=\box31
\nofMPsegments=\count128
\nofMParguments=\count129
\everyMPshowfont=\toks27
\MPscratchCnt=\count130
\MPscratchDim=\dimen148
\MPnumerator=\count131
\makeMPintoPDFobject=\count132
\everyMPtoPDFconversion=\toks28
) (/usr/local/texlive/2017/texmf-dist/tex/latex/oberdiek/epstopdf-base.sty
Package: epstopdf-base 2016/05/15 v2.6 Base part for package epstopdf

(/usr/local/texlive/2017/texmf-dist/tex/latex/oberdiek/grfext.sty
Package: grfext 2016/05/16 v1.2 Manage graphics extensions (HO)
)
Package epstopdf-base Info: Redefining graphics rule for `.eps' on input line 4
38.
Package grfext Info: Graphics extension search list:
(grfext)             [.png,.pdf,.jpg,.mps,.jpeg,.jbig2,.jb2,.PNG,.PDF,.JPG,.JPE
G,.JBIG2,.JB2,.eps]
(grfext)             \AppendGraphicsExtensions on input line 456.

(/usr/local/texlive/2017/texmf-dist/tex/latex/latexconfig/epstopdf-sys.cfg
File: epstopdf-sys.cfg 2010/07/13 v1.3 Configuration of (r)epstopdf for TeX Liv
e
))
\AtBeginShipoutBox=\box32
Package hyperref Info: Link coloring ON on input line 148.

(/usr/local/texlive/2017/texmf-dist/tex/latex/hyperref/nameref.sty
Package: nameref 2016/05/21 v2.44 Cross-referencing by name of section

(/usr/local/texlive/2017/texmf-dist/tex/generic/oberdiek/gettitlestring.sty
Package: gettitlestring 2016/05/16 v1.5 Cleanup title references (HO)
)
\c@section@level=\count133
)
LaTeX Info: Redefining \ref on input line 148.
LaTeX Info: Redefining \pageref on input line 148.
LaTeX Info: Redefining \nameref on input line 148.

(./F2.out) (./F2.out)
\@outlinefile=\write3
\openout3 = `F2.out'.

Package caption Info: Begin \AtBeginDocument code.
Package caption Info: End \AtBeginDocument code.
LaTeX Font Info:    Try loading font information for U+msa on input line 154.

(/usr/local/texlive/2017/texmf-dist/tex/latex/amsfonts/umsa.fd
File: umsa.fd 2013/01/14 v3.01 AMS symbols A
)
LaTeX Font Info:    Try loading font information for U+msb on input line 154.

(/usr/local/texlive/2017/texmf-dist/tex/latex/amsfonts/umsb.fd
File: umsb.fd 2013/01/14 v3.01 AMS symbols B
)
! Undefined control sequence.
<inserted text> {\item [$^{a}$]\mpi 
                                    }{\item [$^{b}$]Theoretical Physics Depa...
l.154 \maketitle
                
The control sequence at the end of the top line
of your error message was never \def'ed. If you have
misspelled it (e.g., `\hobx'), type `I' and the correct
spelling (e.g., `I\hbox'). Otherwise just continue,
and I'll forget about whatever was undefined.


! LaTeX Error: Something's wrong--perhaps a missing \item.

See the LaTeX manual or LaTeX Companion for explanation.
Type  H <return>  for immediate help.
 ...                                              
                                                  
l.154 \maketitle
                
Try typing  <return>  to proceed.
If that doesn't work, type  X <return>  to quit.


! LaTeX Error: Something's wrong--perhaps a missing \item.

See the LaTeX manual or LaTeX Companion for explanation.
Type  H <return>  for immediate help.
 ...                                              
                                                  
l.154 \maketitle
                
Try typing  <return>  to proceed.
If that doesn't work, type  X <return>  to quit.


! LaTeX Error: Something's wrong--perhaps a missing \item.

See the LaTeX manual or LaTeX Companion for explanation.
Type  H <return>  for immediate help.
 ...                                              
                                                  
l.154 \maketitle
                
Try typing  <return>  to proceed.
If that doesn't work, type  X <return>  to quit.


! LaTeX Error: Something's wrong--perhaps a missing \item.

See the LaTeX manual or LaTeX Companion for explanation.
Type  H <return>  for immediate help.
 ...                                              
                                                  
l.154 \maketitle
                
Try typing  <return>  to proceed.
If that doesn't work, type  X <return>  to quit.


Package JHEP Warning: E-mails are missing.
(JHEP)                Plese use \emailAdd macro to provide e-mails..

[0

{/usr/local/texlive/2017/texmf-var/fonts/map/pdftex/updmap/pdftex.map}]
(./F2.toc)
\tf@toc=\write4
\openout4 = `F2.toc'.

 (./ExData.tex [1]
! Extra alignment tab has been changed to \cr.
<recently read> \endtemplate 
                             
l.9 ...Q^2_{max}$/[GeV$^2$]&$x_{min}$&$x_{max}$& &
                                                  
You have given more \span or & marks than there were
in the preamble to the \halign or \valign now in progress.
So I'll assume that you meant to type \cr instead.

[2

]) (./Plots.tex
</Users/schulte/F2_Analysis/10Prozent/Q2_9_0plot.png, id=82, 800.9925pt x 777.9
0625pt>
File: /Users/schulte/F2_Analysis/10Prozent/Q2_9_0plot.png Graphic file (type pn
g)
 <use /Users/schulte/F2_Analysis/10Prozent/Q2_9_0plot.png>
Package pdftex.def Info: /Users/schulte/F2_Analysis/10Prozent/Q2_9_0plot.png us
ed on input line 1.
(pdftex.def)             Requested size: 172.07993pt x 167.11601pt.

</Users/schulte/F2_Analysis/10Prozent/Q2_7_5plot.png, id=83, 800.9925pt x 777.9
0625pt>
File: /Users/schulte/F2_Analysis/10Prozent/Q2_7_5plot.png Graphic file (type pn
g)
 <use /Users/schulte/F2_Analysis/10Prozent/Q2_7_5plot.png>
Package pdftex.def Info: /Users/schulte/F2_Analysis/10Prozent/Q2_7_5plot.png us
ed on input line 2.
(pdftex.def)             Requested size: 172.07993pt x 167.11601pt.

Underfull \hbox (badness 10000) in paragraph at lines 1--3

 []


</Users/schulte/F2_Analysis/10Prozent/Q2_6_8plot.png, id=84, 800.9925pt x 777.9
0625pt>
File: /Users/schulte/F2_Analysis/10Prozent/Q2_6_8plot.png Graphic file (type pn
g)
 <use /Users/schulte/F2_Analysis/10Prozent/Q2_6_8plot.png>
Package pdftex.def Info: /Users/schulte/F2_Analysis/10Prozent/Q2_6_8plot.png us
ed on input line 4.
(pdftex.def)             Requested size: 172.07993pt x 167.11601pt.

</Users/schulte/F2_Analysis/10Prozent/Q2_2_8plot.png, id=85, 800.9925pt x 777.9
0625pt>
File: /Users/schulte/F2_Analysis/10Prozent/Q2_2_8plot.png Graphic file (type pn
g)
 <use /Users/schulte/F2_Analysis/10Prozent/Q2_2_8plot.png>
Package pdftex.def Info: /Users/schulte/F2_Analysis/10Prozent/Q2_2_8plot.png us
ed on input line 5.
(pdftex.def)             Requested size: 172.07993pt x 167.11601pt.

Underfull \hbox (badness 10000) in paragraph at lines 4--6

 []


</Users/schulte/F2_Analysis/10Prozent/Q2_2_4plot.png, id=86, 800.9925pt x 777.9
0625pt>
File: /Users/schulte/F2_Analysis/10Prozent/Q2_2_4plot.png Graphic file (type pn
g)
 <use /Users/schulte/F2_Analysis/10Prozent/Q2_2_4plot.png>
Package pdftex.def Info: /Users/schulte/F2_Analysis/10Prozent/Q2_2_4plot.png us
ed on input line 7.
(pdftex.def)             Requested size: 172.07993pt x 167.11601pt.

</Users/schulte/F2_Analysis/10Prozent/Q2_1_9plot.png, id=87, 800.9925pt x 777.9
0625pt>
File: /Users/schulte/F2_Analysis/10Prozent/Q2_1_9plot.png Graphic file (type pn
g)
 <use /Users/schulte/F2_Analysis/10Prozent/Q2_1_9plot.png>
Package pdftex.def Info: /Users/schulte/F2_Analysis/10Prozent/Q2_1_9plot.png us
ed on input line 8.
(pdftex.def)             Requested size: 172.07993pt x 167.11601pt.

</Users/schulte/F2_Analysis/10Prozent/Q2_0_24plot.png, id=88, 800.9925pt x 777.
90625pt>
File: /Users/schulte/F2_Analysis/10Prozent/Q2_0_24plot.png Graphic file (type p
ng)
 <use /Users/schulte/F2_Analysis/10Prozent/Q2_0_24plot.png>
Package pdftex.def Info: /Users/schulte/F2_Analysis/10Prozent/Q2_0_24plot.png u
sed on input line 10.
(pdftex.def)             Requested size: 172.07993pt x 167.11601pt.

</Users/schulte/F2_Analysis/10Prozent/Q2_0_38plot.png, id=89, 800.9925pt x 777.
90625pt>
File: /Users/schulte/F2_Analysis/10Prozent/Q2_0_38plot.png Graphic file (type p
ng)
 <use /Users/schulte/F2_Analysis/10Prozent/Q2_0_38plot.png>
Package pdftex.def Info: /Users/schulte/F2_Analysis/10Prozent/Q2_0_38plot.png u
sed on input line 11.
(pdftex.def)             Requested size: 172.07993pt x 167.11601pt.

Underfull \hbox (badness 10000) in paragraph at lines 7--12

 []

[3

 </Users/schulte/F2_Analysis/10Prozent/Q2_9_0plot.png> </Users/schulte/F2_Analy
sis/10Prozent/Q2_7_5plot.png> </Users/schulte/F2_Analysis/10Prozent/Q2_6_8plot.
png> </Users/schulte/F2_Analysis/10Prozent/Q2_2_8plot.png> </Users/schulte/F2_A
nalysis/10Prozent/Q2_2_4plot.png> </Users/schulte/F2_Analysis/10Prozent/Q2_1_9p
lot.png>]
</Users/schulte/F2_Analysis/10Prozent/Q2_0_71plot.png, id=94, 800.9925pt x 777.
90625pt>
File: /Users/schulte/F2_Analysis/10Prozent/Q2_0_71plot.png Graphic file (type p
ng)
 <use /Users/schulte/F2_Analysis/10Prozent/Q2_0_71plot.png>
Package pdftex.def Info: /Users/schulte/F2_Analysis/10Prozent/Q2_0_71plot.png u
sed on input line 13.
(pdftex.def)             Requested size: 172.07993pt x 167.11601pt.

</Users/schulte/F2_Analysis/10Prozent/Q2_1_3plot.png, id=95, 800.9925pt x 777.9
0625pt>
File: /Users/schulte/F2_Analysis/10Prozent/Q2_1_3plot.png Graphic file (type pn
g)
 <use /Users/schulte/F2_Analysis/10Prozent/Q2_1_3plot.png>
Package pdftex.def Info: /Users/schulte/F2_Analysis/10Prozent/Q2_1_3plot.png us
ed on input line 14.
(pdftex.def)             Requested size: 172.07993pt x 167.11601pt.
File: /Users/schulte/F2_Analysis/10Prozent/Q2_1_9plot.png Graphic file (type pn
g)

<use /Users/schulte/F2_Analysis/10Prozent/Q2_1_9plot.png>
Package pdftex.def Info: /Users/schulte/F2_Analysis/10Prozent/Q2_1_9plot.png us
ed on input line 16.
(pdftex.def)             Requested size: 172.07993pt x 167.11601pt.
File: /Users/schulte/F2_Analysis/10Prozent/Q2_2_4plot.png Graphic file (type pn
g)

<use /Users/schulte/F2_Analysis/10Prozent/Q2_2_4plot.png>
Package pdftex.def Info: /Users/schulte/F2_Analysis/10Prozent/Q2_2_4plot.png us
ed on input line 17.
(pdftex.def)             Requested size: 172.07993pt x 167.11601pt.
File: /Users/schulte/F2_Analysis/10Prozent/Q2_2_8plot.png Graphic file (type pn
g)

<use /Users/schulte/F2_Analysis/10Prozent/Q2_2_8plot.png>
Package pdftex.def Info: /Users/schulte/F2_Analysis/10Prozent/Q2_2_8plot.png us
ed on input line 19.
(pdftex.def)             Requested size: 172.07993pt x 167.11601pt.

</Users/schulte/F2_Analysis/10Prozent/Q2_3_7plot.png, id=96, 800.9925pt x 777.9
0625pt>
File: /Users/schulte/F2_Analysis/10Prozent/Q2_3_7plot.png Graphic file (type pn
g)
 <use /Users/schulte/F2_Analysis/10Prozent/Q2_3_7plot.png>
Package pdftex.def Info: /Users/schulte/F2_Analysis/10Prozent/Q2_3_7plot.png us
ed on input line 20.
(pdftex.def)             Requested size: 172.07993pt x 167.11601pt.

</Users/schulte/F2_Analysis/10Prozent/Q2_4_3plot.png, id=97, 800.9925pt x 777.9
0625pt>
File: /Users/schulte/F2_Analysis/10Prozent/Q2_4_3plot.png Graphic file (type pn
g)
 <use /Users/schulte/F2_Analysis/10Prozent/Q2_4_3plot.png>
Package pdftex.def Info: /Users/schulte/F2_Analysis/10Prozent/Q2_4_3plot.png us
ed on input line 22.
(pdftex.def)             Requested size: 172.07993pt x 167.11601pt.

</Users/schulte/F2_Analysis/10Prozent/Q2_5_0plot.png, id=98, 800.9925pt x 777.9
0625pt>
File: /Users/schulte/F2_Analysis/10Prozent/Q2_5_0plot.png Graphic file (type pn
g)
 <use /Users/schulte/F2_Analysis/10Prozent/Q2_5_0plot.png>
Package pdftex.def Info: /Users/schulte/F2_Analysis/10Prozent/Q2_5_0plot.png us
ed on input line 23.
(pdftex.def)             Requested size: 172.07993pt x 167.11601pt.

Underfull \hbox (badness 10000) in paragraph at lines 13--24

 []

[4 </Users/schulte/F2_Analysis/10Prozent/Q2_0_24plot.png> </Users/schulte/F2_An
alysis/10Prozent/Q2_0_38plot.png> </Users/schulte/F2_Analysis/10Prozent/Q2_0_71
plot.png> </Users/schulte/F2_Analysis/10Prozent/Q2_1_3plot.png>]
</Users/schulte/F2_Analysis/10Prozent/Q2_5_3plot.png, id=103, 800.9925pt x 777.
90625pt>
File: /Users/schulte/F2_Analysis/10Prozent/Q2_5_3plot.png Graphic file (type pn
g)
 <use /Users/schulte/F2_Analysis/10Prozent/Q2_5_3plot.png>
Package pdftex.def Info: /Users/schulte/F2_Analysis/10Prozent/Q2_5_3plot.png us
ed on input line 25.
(pdftex.def)             Requested size: 172.07993pt x 167.11601pt.

</Users/schulte/F2_Analysis/10Prozent/Q2_5_9plot.png, id=104, 800.9925pt x 777.
90625pt>
File: /Users/schulte/F2_Analysis/10Prozent/Q2_5_9plot.png Graphic file (type pn
g)
 <use /Users/schulte/F2_Analysis/10Prozent/Q2_5_9plot.png>
Package pdftex.def Info: /Users/schulte/F2_Analysis/10Prozent/Q2_5_9plot.png us
ed on input line 26.
(pdftex.def)             Requested size: 172.07993pt x 167.11601pt.

Underfull \hbox (badness 10000) in paragraph at lines 25--27

 []

File: /Users/schulte/F2_Analysis/10Prozent/Q2_6_8plot.png Graphic file (type pn
g)
<use /Users/schulte/F2_Analysis/10Prozent/Q2_6_8plot.png>
Package pdftex.def Info: /Users/schulte/F2_Analysis/10Prozent/Q2_6_8plot.png us
ed on input line 28.
(pdftex.def)             Requested size: 172.07993pt x 167.11601pt.
File: /Users/schulte/F2_Analysis/10Prozent/Q2_7_5plot.png Graphic file (type pn
g)

<use /Users/schulte/F2_Analysis/10Prozent/Q2_7_5plot.png>
Package pdftex.def Info: /Users/schulte/F2_Analysis/10Prozent/Q2_7_5plot.png us
ed on input line 29.
(pdftex.def)             Requested size: 172.07993pt x 167.11601pt.

Underfull \hbox (badness 10000) in paragraph at lines 28--30

 []

[5 </Users/schulte/F2_Analysis/10Prozent/Q2_3_7plot.png> </Users/schulte/F2_Ana
lysis/10Prozent/Q2_4_3plot.png> </Users/schulte/F2_Analysis/10Prozent/Q2_5_0plo
t.png> </Users/schulte/F2_Analysis/10Prozent/Q2_5_3plot.png> </Users/schulte/F2
_Analysis/10Prozent/Q2_5_9plot.png>]
File: /Users/schulte/F2_Analysis/10Prozent/Q2_9_0plot.png Graphic file (type pn
g)

<use /Users/schulte/F2_Analysis/10Prozent/Q2_9_0plot.png>
Package pdftex.def Info: /Users/schulte/F2_Analysis/10Prozent/Q2_9_0plot.png us
ed on input line 31.
(pdftex.def)             Requested size: 172.07993pt x 167.11601pt.

</Users/schulte/F2_Analysis/10Prozent/Q2_9_2plot.png, id=109, 800.9925pt x 777.
90625pt>
File: /Users/schulte/F2_Analysis/10Prozent/Q2_9_2plot.png Graphic file (type pn
g)
 <use /Users/schulte/F2_Analysis/10Prozent/Q2_9_2plot.png>
Package pdftex.def Info: /Users/schulte/F2_Analysis/10Prozent/Q2_9_2plot.png us
ed on input line 32.
(pdftex.def)             Requested size: 172.07993pt x 167.11601pt.

Underfull \hbox (badness 10000) in paragraph at lines 31--33

 []


</Users/schulte/F2_Analysis/10Prozent/Q2_9_9plot.png, id=110, 800.9925pt x 777.
90625pt>
File: /Users/schulte/F2_Analysis/10Prozent/Q2_9_9plot.png Graphic file (type pn
g)
 <use /Users/schulte/F2_Analysis/10Prozent/Q2_9_9plot.png>
Package pdftex.def Info: /Users/schulte/F2_Analysis/10Prozent/Q2_9_9plot.png us
ed on input line 34.
(pdftex.def)             Requested size: 172.07993pt x 167.11601pt.

</Users/schulte/F2_Analysis/10Prozent/Q2_10_8plot.png, id=111, 800.9925pt x 777
.90625pt>
File: /Users/schulte/F2_Analysis/10Prozent/Q2_10_8plot.png Graphic file (type p
ng)
 <use /Users/schulte/F2_Analysis/10Prozent/Q2_10_8plot.png>
Package pdftex.def Info: /Users/schulte/F2_Analysis/10Prozent/Q2_10_8plot.png u
sed on input line 35.
(pdftex.def)             Requested size: 172.07993pt x 167.11601pt.

Underfull \hbox (badness 10000) in paragraph at lines 34--36

 []


</Users/schulte/F2_Analysis/10Prozent/Q2_11_0plot.png, id=112, 800.9925pt x 777
.90625pt>
File: /Users/schulte/F2_Analysis/10Prozent/Q2_11_0plot.png Graphic file (type p
ng)
 <use /Users/schulte/F2_Analysis/10Prozent/Q2_11_0plot.png>
Package pdftex.def Info: /Users/schulte/F2_Analysis/10Prozent/Q2_11_0plot.png u
sed on input line 37.
(pdftex.def)             Requested size: 172.07993pt x 167.11601pt.

</Users/schulte/F2_Analysis/10Prozent/Q2_12_0plot.png, id=113, 800.9925pt x 777
.90625pt>
File: /Users/schulte/F2_Analysis/10Prozent/Q2_12_0plot.png Graphic file (type p
ng)
 <use /Users/schulte/F2_Analysis/10Prozent/Q2_12_0plot.png>
Package pdftex.def Info: /Users/schulte/F2_Analysis/10Prozent/Q2_12_0plot.png u
sed on input line 38.
(pdftex.def)             Requested size: 172.07993pt x 167.11601pt.

</Users/schulte/F2_Analysis/10Prozent/Q2_12_5plot.png, id=114, 800.9925pt x 777
.90625pt>
File: /Users/schulte/F2_Analysis/10Prozent/Q2_12_5plot.png Graphic file (type p
ng)
 <use /Users/schulte/F2_Analysis/10Prozent/Q2_12_5plot.png>
Package pdftex.def Info: /Users/schulte/F2_Analysis/10Prozent/Q2_12_5plot.png u
sed on input line 39.
(pdftex.def)             Requested size: 172.07993pt x 167.11601pt.

</Users/schulte/F2_Analysis/10Prozent/Q2_14_5plot.png, id=115, 800.9925pt x 777
.90625pt>
File: /Users/schulte/F2_Analysis/10Prozent/Q2_14_5plot.png Graphic file (type p
ng)
 <use /Users/schulte/F2_Analysis/10Prozent/Q2_14_5plot.png>
Package pdftex.def Info: /Users/schulte/F2_Analysis/10Prozent/Q2_14_5plot.png u
sed on input line 40.
(pdftex.def)             Requested size: 172.07993pt x 167.11601pt.

Underfull \hbox (badness 10000) in paragraph at lines 37--41

 []

[6 </Users/schulte/F2_Analysis/10Prozent/Q2_9_2plot.png> </Users/schulte/F2_Ana
lysis/10Prozent/Q2_9_9plot.png> </Users/schulte/F2_Analysis/10Prozent/Q2_10_8pl
ot.png>]
</Users/schulte/F2_Analysis/10Prozent/Q2_15_3plot.png, id=121, 800.9925pt x 777
.90625pt>
File: /Users/schulte/F2_Analysis/10Prozent/Q2_15_3plot.png Graphic file (type p
ng)
 <use /Users/schulte/F2_Analysis/10Prozent/Q2_15_3plot.png>
Package pdftex.def Info: /Users/schulte/F2_Analysis/10Prozent/Q2_15_3plot.png u
sed on input line 42.
(pdftex.def)             Requested size: 172.07993pt x 167.11601pt.

</Users/schulte/F2_Analysis/10Prozent/Q2_16_0plot.png, id=122, 800.9925pt x 777
.90625pt>
File: /Users/schulte/F2_Analysis/10Prozent/Q2_16_0plot.png Graphic file (type p
ng)
 <use /Users/schulte/F2_Analysis/10Prozent/Q2_16_0plot.png>
Package pdftex.def Info: /Users/schulte/F2_Analysis/10Prozent/Q2_16_0plot.png u
sed on input line 43.
(pdftex.def)             Requested size: 172.07993pt x 167.11601pt.

Underfull \hbox (badness 10000) in paragraph at lines 42--44

 []


</Users/schulte/F2_Analysis/10Prozent/Q2_17_3plot.png, id=123, 800.9925pt x 777
.90625pt>
File: /Users/schulte/F2_Analysis/10Prozent/Q2_17_3plot.png Graphic file (type p
ng)
 <use /Users/schulte/F2_Analysis/10Prozent/Q2_17_3plot.png>
Package pdftex.def Info: /Users/schulte/F2_Analysis/10Prozent/Q2_17_3plot.png u
sed on input line 45.
(pdftex.def)             Requested size: 172.07993pt x 167.11601pt.

</Users/schulte/F2_Analysis/10Prozent/Q2_17_5plot.png, id=124, 800.9925pt x 777
.90625pt>
File: /Users/schulte/F2_Analysis/10Prozent/Q2_17_5plot.png Graphic file (type p
ng)
 <use /Users/schulte/F2_Analysis/10Prozent/Q2_17_5plot.png>
Package pdftex.def Info: /Users/schulte/F2_Analysis/10Prozent/Q2_17_5plot.png u
sed on input line 46.
(pdftex.def)             Requested size: 172.07993pt x 167.11601pt.

Underfull \hbox (badness 10000) in paragraph at lines 45--47

 []

[7 </Users/schulte/F2_Analysis/10Prozent/Q2_11_0plot.png> </Users/schulte/F2_An
alysis/10Prozent/Q2_12_0plot.png> </Users/schulte/F2_Analysis/10Prozent/Q2_12_5
plot.png> </Users/schulte/F2_Analysis/10Prozent/Q2_14_5plot.png> </Users/schult
e/F2_Analysis/10Prozent/Q2_15_3plot.png> </Users/schulte/F2_Analysis/10Prozent/
Q2_16_0plot.png>]
</Users/schulte/F2_Analysis/10Prozent/Q2_17_8plot.png, id=129, 800.9925pt x 777
.90625pt>
File: /Users/schulte/F2_Analysis/10Prozent/Q2_17_8plot.png Graphic file (type p
ng)
 <use /Users/schulte/F2_Analysis/10Prozent/Q2_17_8plot.png>
Package pdftex.def Info: /Users/schulte/F2_Analysis/10Prozent/Q2_17_8plot.png u
sed on input line 48.
(pdftex.def)             Requested size: 172.07993pt x 167.11601pt.

</Users/schulte/F2_Analysis/10Prozent/Q2_20_0plot.png, id=130, 800.9925pt x 777
.90625pt>
File: /Users/schulte/F2_Analysis/10Prozent/Q2_20_0plot.png Graphic file (type p
ng)
 <use /Users/schulte/F2_Analysis/10Prozent/Q2_20_0plot.png>
Package pdftex.def Info: /Users/schulte/F2_Analysis/10Prozent/Q2_20_0plot.png u
sed on input line 49.
(pdftex.def)             Requested size: 172.07993pt x 167.11601pt.

Underfull \hbox (badness 10000) in paragraph at lines 48--50

 []


</Users/schulte/F2_Analysis/10Prozent/Q2_20_7plot.png, id=131, 800.9925pt x 777
.90625pt>
File: /Users/schulte/F2_Analysis/10Prozent/Q2_20_7plot.png Graphic file (type p
ng)
 <use /Users/schulte/F2_Analysis/10Prozent/Q2_20_7plot.png>
Package pdftex.def Info: /Users/schulte/F2_Analysis/10Prozent/Q2_20_7plot.png u
sed on input line 51.
(pdftex.def)             Requested size: 172.07993pt x 167.11601pt.

</Users/schulte/F2_Analysis/10Prozent/Q2_23_0plot.png, id=132, 800.9925pt x 777
.90625pt>
File: /Users/schulte/F2_Analysis/10Prozent/Q2_23_0plot.png Graphic file (type p
ng)
 <use /Users/schulte/F2_Analysis/10Prozent/Q2_23_0plot.png>
Package pdftex.def Info: /Users/schulte/F2_Analysis/10Prozent/Q2_23_0plot.png u
sed on input line 52.
(pdftex.def)             Requested size: 172.07993pt x 167.11601pt.

Underfull \hbox (badness 10000) in paragraph at lines 51--53

 []


</Users/schulte/F2_Analysis/10Prozent/Q2_24_0plot.png, id=133, 800.9925pt x 777
.90625pt>
File: /Users/schulte/F2_Analysis/10Prozent/Q2_24_0plot.png Graphic file (type p
ng)
 <use /Users/schulte/F2_Analysis/10Prozent/Q2_24_0plot.png>
Package pdftex.def Info: /Users/schulte/F2_Analysis/10Prozent/Q2_24_0plot.png u
sed on input line 54.
(pdftex.def)             Requested size: 172.07993pt x 167.11601pt.

</Users/schulte/F2_Analysis/10Prozent/Q2_30_0plot.png, id=134, 800.9925pt x 777
.90625pt>
File: /Users/schulte/F2_Analysis/10Prozent/Q2_30_0plot.png Graphic file (type p
ng)
 <use /Users/schulte/F2_Analysis/10Prozent/Q2_30_0plot.png>
Package pdftex.def Info: /Users/schulte/F2_Analysis/10Prozent/Q2_30_0plot.png u
sed on input line 55.
(pdftex.def)             Requested size: 172.07993pt x 167.11601pt.

Underfull \hbox (badness 10000) in paragraph at lines 54--56

 []

[8 </Users/schulte/F2_Analysis/10Prozent/Q2_17_3plot.png> </Users/schulte/F2_An
alysis/10Prozent/Q2_17_5plot.png> </Users/schulte/F2_Analysis/10Prozent/Q2_17_8
plot.png> </Users/schulte/F2_Analysis/10Prozent/Q2_20_0plot.png> </Users/schult
e/F2_Analysis/10Prozent/Q2_20_7plot.png> </Users/schulte/F2_Analysis/10Prozent/
Q2_23_0plot.png>]
</Users/schulte/F2_Analysis/10Prozent/Q2_39_7plot.png, id=139, 800.9925pt x 777
.90625pt>
File: /Users/schulte/F2_Analysis/10Prozent/Q2_39_7plot.png Graphic file (type p
ng)
 <use /Users/schulte/F2_Analysis/10Prozent/Q2_39_7plot.png>
Package pdftex.def Info: /Users/schulte/F2_Analysis/10Prozent/Q2_39_7plot.png u
sed on input line 57.
(pdftex.def)             Requested size: 172.07993pt x 167.11601pt.

</Users/schulte/F2_Analysis/10Prozent/Q2_41_0plot.png, id=140, 800.9925pt x 777
.90625pt>
File: /Users/schulte/F2_Analysis/10Prozent/Q2_41_0plot.png Graphic file (type p
ng)
 <use /Users/schulte/F2_Analysis/10Prozent/Q2_41_0plot.png>
Package pdftex.def Info: /Users/schulte/F2_Analysis/10Prozent/Q2_41_0plot.png u
sed on input line 58.
(pdftex.def)             Requested size: 172.07993pt x 167.11601pt.

Underfull \hbox (badness 10000) in paragraph at lines 57--59

 []


</Users/schulte/F2_Analysis/10Prozent/Q2_45_0plot.png, id=141, 800.9925pt x 777
.90625pt>
File: /Users/schulte/F2_Analysis/10Prozent/Q2_45_0plot.png Graphic file (type p
ng)
 <use /Users/schulte/F2_Analysis/10Prozent/Q2_45_0plot.png>
Package pdftex.def Info: /Users/schulte/F2_Analysis/10Prozent/Q2_45_0plot.png u
sed on input line 60.
(pdftex.def)             Requested size: 172.07993pt x 167.11601pt.

</Users/schulte/F2_Analysis/10Prozent/Q2_59_0plot.png, id=142, 800.9925pt x 777
.90625pt>
File: /Users/schulte/F2_Analysis/10Prozent/Q2_59_0plot.png Graphic file (type p
ng)
 <use /Users/schulte/F2_Analysis/10Prozent/Q2_59_0plot.png>
Package pdftex.def Info: /Users/schulte/F2_Analysis/10Prozent/Q2_59_0plot.png u
sed on input line 61.
(pdftex.def)             Requested size: 172.07993pt x 167.11601pt.

Underfull \hbox (badness 10000) in paragraph at lines 60--62

 []


</Users/schulte/F2_Analysis/10Prozent/Q2_60_0plot.png, id=143, 800.9925pt x 777
.90625pt>
File: /Users/schulte/F2_Analysis/10Prozent/Q2_60_0plot.png Graphic file (type p
ng)
 <use /Users/schulte/F2_Analysis/10Prozent/Q2_60_0plot.png>
Package pdftex.def Info: /Users/schulte/F2_Analysis/10Prozent/Q2_60_0plot.png u
sed on input line 63.
(pdftex.def)             Requested size: 172.07993pt x 167.11601pt.

</Users/schulte/F2_Analysis/10Prozent/Q2_67_2plot.png, id=144, 800.9925pt x 777
.90625pt>
File: /Users/schulte/F2_Analysis/10Prozent/Q2_67_2plot.png Graphic file (type p
ng)
 <use /Users/schulte/F2_Analysis/10Prozent/Q2_67_2plot.png>
Package pdftex.def Info: /Users/schulte/F2_Analysis/10Prozent/Q2_67_2plot.png u
sed on input line 64.
(pdftex.def)             Requested size: 172.07993pt x 167.11601pt.

Underfull \hbox (badness 10000) in paragraph at lines 63--65

 []

[9 </Users/schulte/F2_Analysis/10Prozent/Q2_24_0plot.png> </Users/schulte/F2_An
alysis/10Prozent/Q2_30_0plot.png> </Users/schulte/F2_Analysis/10Prozent/Q2_39_7
plot.png> </Users/schulte/F2_Analysis/10Prozent/Q2_41_0plot.png> </Users/schult
e/F2_Analysis/10Prozent/Q2_45_0plot.png> </Users/schulte/F2_Analysis/10Prozent/
Q2_59_0plot.png>]
</Users/schulte/F2_Analysis/10Prozent/Q2_73_0plot.png, id=149, 800.9925pt x 777
.90625pt>
File: /Users/schulte/F2_Analysis/10Prozent/Q2_73_0plot.png Graphic file (type p
ng)
 <use /Users/schulte/F2_Analysis/10Prozent/Q2_73_0plot.png>
Package pdftex.def Info: /Users/schulte/F2_Analysis/10Prozent/Q2_73_0plot.png u
sed on input line 66.
(pdftex.def)             Requested size: 172.07993pt x 167.11601pt.

</Users/schulte/F2_Analysis/10Prozent/Q2_76_4plot.png, id=150, 800.9925pt x 777
.90625pt>
File: /Users/schulte/F2_Analysis/10Prozent/Q2_76_4plot.png Graphic file (type p
ng)
 <use /Users/schulte/F2_Analysis/10Prozent/Q2_76_4plot.png>
Package pdftex.def Info: /Users/schulte/F2_Analysis/10Prozent/Q2_76_4plot.png u
sed on input line 67.
(pdftex.def)             Requested size: 172.07993pt x 167.11601pt.

Underfull \hbox (badness 10000) in paragraph at lines 66--68

 []


</Users/schulte/F2_Analysis/10Prozent/Q2_80_0plot.png, id=151, 800.9925pt x 777
.90625pt>
File: /Users/schulte/F2_Analysis/10Prozent/Q2_80_0plot.png Graphic file (type p
ng)
 <use /Users/schulte/F2_Analysis/10Prozent/Q2_80_0plot.png>
Package pdftex.def Info: /Users/schulte/F2_Analysis/10Prozent/Q2_80_0plot.png u
sed on input line 69.
(pdftex.def)             Requested size: 172.07993pt x 167.11601pt.

</Users/schulte/F2_Analysis/10Prozent/Q2_90_0plot.png, id=152, 800.9925pt x 777
.90625pt>
File: /Users/schulte/F2_Analysis/10Prozent/Q2_90_0plot.png Graphic file (type p
ng)
 <use /Users/schulte/F2_Analysis/10Prozent/Q2_90_0plot.png>
Package pdftex.def Info: /Users/schulte/F2_Analysis/10Prozent/Q2_90_0plot.png u
sed on input line 70.
(pdftex.def)             Requested size: 172.07993pt x 167.11601pt.

Underfull \hbox (badness 10000) in paragraph at lines 69--71

 []


</Users/schulte/F2_Analysis/10Prozent/Q2_100_0plot.png, id=153, 800.9925pt x 77
7.90625pt>
File: /Users/schulte/F2_Analysis/10Prozent/Q2_100_0plot.png Graphic file (type 
png)
 <use /Users/schulte/F2_Analysis/10Prozent/Q2_100_0plot.png>
Package pdftex.def Info: /Users/schulte/F2_Analysis/10Prozent/Q2_100_0plot.png 
used on input line 72.
(pdftex.def)             Requested size: 172.07993pt x 167.11601pt.

</Users/schulte/F2_Analysis/10Prozent/Q2_120_0plot.png, id=154, 800.9925pt x 77
7.90625pt>
File: /Users/schulte/F2_Analysis/10Prozent/Q2_120_0plot.png Graphic file (type 
png)
 <use /Users/schulte/F2_Analysis/10Prozent/Q2_120_0plot.png>
Package pdftex.def Info: /Users/schulte/F2_Analysis/10Prozent/Q2_120_0plot.png 
used on input line 73.
(pdftex.def)             Requested size: 172.07993pt x 167.11601pt.

Underfull \hbox (badness 10000) in paragraph at lines 72--74

 []

[10 </Users/schulte/F2_Analysis/10Prozent/Q2_60_0plot.png> </Users/schulte/F2_A
nalysis/10Prozent/Q2_67_2plot.png> </Users/schulte/F2_Analysis/10Prozent/Q2_73_
0plot.png> </Users/schulte/F2_Analysis/10Prozent/Q2_76_4plot.png> </Users/schul
te/F2_Analysis/10Prozent/Q2_80_0plot.png> </Users/schulte/F2_Analysis/10Prozent
/Q2_90_0plot.png>]
</Users/schulte/F2_Analysis/10Prozent/Q2_125_0plot.png, id=159, 800.9925pt x 77
7.90625pt>
File: /Users/schulte/F2_Analysis/10Prozent/Q2_125_0plot.png Graphic file (type 
png)
 <use /Users/schulte/F2_Analysis/10Prozent/Q2_125_0plot.png>
Package pdftex.def Info: /Users/schulte/F2_Analysis/10Prozent/Q2_125_0plot.png 
used on input line 75.
(pdftex.def)             Requested size: 172.07993pt x 167.11601pt.

</Users/schulte/F2_Analysis/10Prozent/Q2_135_0plot.png, id=160, 800.9925pt x 77
7.90625pt>
File: /Users/schulte/F2_Analysis/10Prozent/Q2_135_0plot.png Graphic file (type 
png)
 <use /Users/schulte/F2_Analysis/10Prozent/Q2_135_0plot.png>
Package pdftex.def Info: /Users/schulte/F2_Analysis/10Prozent/Q2_135_0plot.png 
used on input line 76.
(pdftex.def)             Requested size: 172.07993pt x 167.11601pt.

Underfull \hbox (badness 10000) in paragraph at lines 75--77

 []


</Users/schulte/F2_Analysis/10Prozent/Q2_225_0plot.png, id=161, 800.9925pt x 77
7.90625pt>
File: /Users/schulte/F2_Analysis/10Prozent/Q2_225_0plot.png Graphic file (type 
png)
 <use /Users/schulte/F2_Analysis/10Prozent/Q2_225_0plot.png>
Package pdftex.def Info: /Users/schulte/F2_Analysis/10Prozent/Q2_225_0plot.png 
used on input line 78.
(pdftex.def)             Requested size: 172.07993pt x 167.11601pt.

</Users/schulte/F2_Analysis/10Prozent/Q2_284_0plot.png, id=162, 800.9925pt x 77
7.90625pt>
File: /Users/schulte/F2_Analysis/10Prozent/Q2_284_0plot.png Graphic file (type 
png)
 <use /Users/schulte/F2_Analysis/10Prozent/Q2_284_0plot.png>
Package pdftex.def Info: /Users/schulte/F2_Analysis/10Prozent/Q2_284_0plot.png 
used on input line 79.
(pdftex.def)             Requested size: 172.07993pt x 167.11601pt.

Underfull \hbox (badness 10000) in paragraph at lines 78--80

 []


</Users/schulte/F2_Analysis/10Prozent/Q2_390_0plot.png, id=163, 800.9925pt x 77
7.90625pt>
File: /Users/schulte/F2_Analysis/10Prozent/Q2_390_0plot.png Graphic file (type 
png)
 <use /Users/schulte/F2_Analysis/10Prozent/Q2_390_0plot.png>
Package pdftex.def Info: /Users/schulte/F2_Analysis/10Prozent/Q2_390_0plot.png 
used on input line 81.
(pdftex.def)             Requested size: 172.07993pt x 167.11601pt.

</Users/schulte/F2_Analysis/10Prozent/Q2_780_0plot.png, id=164, 800.9925pt x 77
7.90625pt>
File: /Users/schulte/F2_Analysis/10Prozent/Q2_780_0plot.png Graphic file (type 
png)
 <use /Users/schulte/F2_Analysis/10Prozent/Q2_780_0plot.png>
Package pdftex.def Info: /Users/schulte/F2_Analysis/10Prozent/Q2_780_0plot.png 
used on input line 82.
(pdftex.def)             Requested size: 172.07993pt x 167.11601pt.
)
[11 </Users/schulte/F2_Analysis/10Prozent/Q2_100_0plot.png> </Users/schulte/F2_
Analysis/10Prozent/Q2_120_0plot.png> </Users/schulte/F2_Analysis/10Prozent/Q2_1
25_0plot.png> </Users/schulte/F2_Analysis/10Prozent/Q2_135_0plot.png> </Users/s
chulte/F2_Analysis/10Prozent/Q2_225_0plot.png> </Users/schulte/F2_Analysis/10Pr
ozent/Q2_284_0plot.png>] [12 </Users/schulte/F2_Analysis/10Prozent/Q2_390_0plot
.png> </Users/schulte/F2_Analysis/10Prozent/Q2_780_0plot.png>]

Package caption Warning: Unused \captionsetup[sub] on input line 26.
See the caption package documentation for explanation.

Package atveryend Info: Empty hook `BeforeClearDocument' on input line 416.
[13]
Package atveryend Info: Empty hook `AfterLastShipout' on input line 416.
 (./F2.aux)
Package atveryend Info: Executing hook `AtVeryEndDocument' on input line 416.
Package atveryend Info: Executing hook `AtEndAfterFileList' on input line 416.
Package rerunfilecheck Info: File `F2.out' has not changed.
(rerunfilecheck)             Checksum: 889A7DBB4EB4760637DFE7812212197F;52.
Package atveryend Info: Empty hook `AtVeryVeryEnd' on input line 416.
 ) 
Here is how much of TeX's memory you used:
 8867 strings out of 492995
 138630 string characters out of 6132705
 227466 words of memory out of 5000000
 12194 multiletter control sequences out of 15000+600000
 16833 words of font info for 63 fonts, out of 8000000 for 9000
 1141 hyphenation exceptions out of 8191
 41i,9n,38p,290b,528s stack positions out of 5000i,500n,10000p,200000b,80000s
</usr/local/texlive/2017/texmf-dist/fonts/type1/public/amsfonts/cm/cmbx10.pfb
></usr/local/texlive/2017/texmf-dist/fonts/type1/public/amsfonts/cm/cmbx12.pfb>
</usr/local/texlive/2017/texmf-dist/fonts/type1/public/amsfonts/cm/cmcsc10.pfb>
</usr/local/texlive/2017/texmf-dist/fonts/type1/public/amsfonts/cm/cmmi10.pfb><
/usr/local/texlive/2017/texmf-dist/fonts/type1/public/amsfonts/cm/cmmi12.pfb></
usr/local/texlive/2017/texmf-dist/fonts/type1/public/amsfonts/cm/cmmi7.pfb></us
r/local/texlive/2017/texmf-dist/fonts/type1/public/amsfonts/cm/cmmi8.pfb></usr/
local/texlive/2017/texmf-dist/fonts/type1/public/amsfonts/cm/cmr10.pfb></usr/lo
cal/texlive/2017/texmf-dist/fonts/type1/public/amsfonts/cm/cmr12.pfb></usr/loca
l/texlive/2017/texmf-dist/fonts/type1/public/amsfonts/cm/cmr8.pfb></usr/local/t
exlive/2017/texmf-dist/fonts/type1/public/amsfonts/cm/cmssbx10.pfb></usr/local/
texlive/2017/texmf-dist/fonts/type1/public/amsfonts/cm/cmti10.pfb>
Output written on F2.pdf (14 pages, 3486652 bytes).
PDF statistics:
 230 PDF objects out of 1000 (max. 8388607)
 42 named destinations out of 1000 (max. 500000)
 259 words of extra memory for PDF output out of 10000 (max. 10000000)

